<?xml version="1.0" encoding="utf-8"?><testsuites><testsuite name="pytest" errors="0" failures="0" skipped="0" tests="87" time="3.922" timestamp="2025-09-17T07:42:35.613786" hostname="banks"><testcase classname="tests.tfscreen.analysis.test_extract_epistasis" name="test_extract_epistasis" time="0.120" /><testcase classname="tests.tfscreen.calibration.test__models_hill_model" name="test_hill_model_1d_params" time="0.000" /><testcase classname="tests.tfscreen.calibration.test__models_hill_model" name="test_hill_model_2d_params" time="0.000" /><testcase classname="tests.tfscreen.calibration.test__models_simple_poly" name="test_simple_poly_1d_params" time="0.000" /><testcase classname="tests.tfscreen.calibration.test__models_simple_poly" name="test_simple_poly_2d_params" time="0.000" /><testcase classname="tests.tfscreen.calibration.test_calibrate__build_fit_setup" name="test_build_fit_setup" time="0.010" /><testcase classname="tests.tfscreen.calibration.test_calibrate__calculate_log_population" name="test_calculate_log_population_calculation" time="0.001" /><testcase classname="tests.tfscreen.calibration.test_calibrate__calculate_log_population" name="test_calculate_log_population_background_only" time="0.001" /><testcase classname="tests.tfscreen.calibration.test_calibrate__fit_linear_model" name="test_fit_linear_model_orchestration" time="0.002" /><testcase classname="tests.tfscreen.calibration.test_calibrate__fit_theta" name="test_fit_theta_single_titrant" time="0.002" /><testcase classname="tests.tfscreen.calibration.test_calibrate__fit_theta" name="test_fit_theta_multiple_titrants" time="0.002" /><testcase classname="tests.tfscreen.calibration.test_calibrate__fit_theta" name="test_fit_theta_empty_dataframe" time="0.001" /><testcase classname="tests.tfscreen.calibration.test_calibrate__get_linear_model_df" name="test_get_linear_model_df_standard_case" time="0.006" /><testcase classname="tests.tfscreen.calibration.test_calibrate__get_linear_model_df" name="test_get_linear_model_df_only_background" time="0.005" /><testcase classname="tests.tfscreen.calibration.test_calibrate__get_linear_model_df" name="test_get_linear_model_df_no_background" time="0.005" /><testcase classname="tests.tfscreen.calibration.test_calibrate__parse_fit_results" name="test_parse_fit_results" time="0.004" /><testcase classname="tests.tfscreen.calibration.test_calibrate__prepare_fit_data" name="test_prepare_fit_data_standard_case" time="0.001" /><testcase classname="tests.tfscreen.calibration.test_calibrate__prepare_fit_data" name="test_prepare_fit_data_zero_and_negative_inputs" time="0.001" /><testcase classname="tests.tfscreen.calibration.test_calibrate_calibrate" name="test_calibrate_success_path" time="0.011" /><testcase classname="tests.tfscreen.calibration.test_calibrate_calibrate" name="test_calibrate_raises_error_for_missing_columns" time="0.002" /><testcase classname="tests.tfscreen.calibration.test_calibrate_calibrate" name="test_calibrate_raises_error_for_missing_background" time="0.005" /><testcase classname="tests.tfscreen.calibration.test_calibrate_calibrate" name="test_calibrate_raises_error_for_invalid_bg_order" time="0.002" /><testcase classname="tests.tfscreen.calibration.test_get_background" name="test_get_background" time="0.002" /><testcase classname="tests.tfscreen.calibration.test_get_k_vs_theta" name="test_get_k_vs_theta_success" time="0.004" /><testcase classname="tests.tfscreen.calibration.test_get_k_vs_theta" name="test_get_k_vs_theta_raises_key_error" time="0.002" /><testcase classname="tests.tfscreen.calibration.test_get_wt_k" name="test_get_wt_k[theta_is_provided]" time="0.002" /><testcase classname="tests.tfscreen.calibration.test_get_wt_k" name="test_get_wt_k[theta_is_none]" time="0.002" /><testcase classname="tests.tfscreen.calibration.test_get_wt_theta" name="test_get_wt_theta[no_override]" time="0.002" /><testcase classname="tests.tfscreen.calibration.test_get_wt_theta" name="test_get_wt_theta[override_K]" time="0.001" /><testcase classname="tests.tfscreen.calibration.test_get_wt_theta" name="test_get_wt_theta[override_n]" time="0.001" /><testcase classname="tests.tfscreen.calibration.test_get_wt_theta" name="test_get_wt_theta[override_both]" time="0.001" /><testcase classname="tests.tfscreen.calibration.test_io" name="test_read_write_calibration_roundtrip" time="0.002" /><testcase classname="tests.tfscreen.calibration.test_io" name="test_read_calibration_multiple_titrants" time="0.002" /><testcase classname="tests.tfscreen.calibration.test_io" name="test_read_calibration_pass_through" time="0.000" /><testcase classname="tests.tfscreen.calibration.test_manual_fit" name="test_manual_fit" time="0.011" /><testcase classname="tests.tfscreen.util.test_argsort_genotypes" name="test_argsort_genotypes" time="0.019" /><testcase classname="tests.tfscreen.util.test_broadcast_args" name="test_broadcast_args_standard_case" time="0.000" /><testcase classname="tests.tfscreen.util.test_broadcast_args" name="test_broadcast_args_already_matching_length" time="0.000" /><testcase classname="tests.tfscreen.util.test_broadcast_args" name="test_broadcast_args_all_scalars" time="0.000" /><testcase classname="tests.tfscreen.util.test_broadcast_args" name="test_broadcast_args_single_array_input" time="0.000" /><testcase classname="tests.tfscreen.util.test_broadcast_args" name="test_broadcast_args_no_args" time="0.000" /><testcase classname="tests.tfscreen.util.test_broadcast_args" name="test_broadcast_args_raises_error_on_incompatible_length" time="0.001" /><testcase classname="tests.tfscreen.util.test_broadcast_args" name="test_broadcast_args_raises_error_with_scalar_and_incompatible_array" time="0.000" /><testcase classname="tests.tfscreen.util.test_broadcast_args" name="test_broadcast_args_handles_none" time="0.000" /><testcase classname="tests.tfscreen.util.test_build_cycles" name="test_build_cycles" time="0.034" /><testcase classname="tests.tfscreen.util.test_chunk_by_group" name="test_chunk_by_group" time="0.004" /><testcase classname="tests.tfscreen.util.test_counts_to_lncfu" name="test_filter_low_observation_genotypes" time="0.004" /><testcase classname="tests.tfscreen.util.test_counts_to_lncfu" name="test_filter_low_observation_genotypes_empty_input" time="0.003" /><testcase classname="tests.tfscreen.util.test_counts_to_lncfu" name="test_impute_missing_genotypes" time="0.010" /><testcase classname="tests.tfscreen.util.test_counts_to_lncfu" name="test_impute_missing_genotypes_empty_input" time="0.001" /><testcase classname="tests.tfscreen.util.test_counts_to_lncfu" name="test_calculate_frequencies" time="0.003" /><testcase classname="tests.tfscreen.util.test_counts_to_lncfu" name="test_calculate_concentrations_and_variance" time="0.005" /><testcase classname="tests.tfscreen.util.test_counts_to_lncfu" name="test_calculate_concentrations_zero_cfu" time="0.004" /><testcase classname="tests.tfscreen.util.test_counts_to_lncfu" name="test_counts_to_lncfu_full_pipeline" time="0.019" /><testcase classname="tests.tfscreen.util.test_counts_to_lncfu" name="test_counts_to_lncfu_all_filtered" time="0.003" /><testcase classname="tests.tfscreen.util.test_df_to_arrays" name="test_count_df_to_arrays_basic" time="0.007" /><testcase classname="tests.tfscreen.util.test_df_to_arrays" name="test_count_df_to_arrays_missing_data" time="0.006" /><testcase classname="tests.tfscreen.util.test_df_to_arrays" name="test_count_df_to_arrays_unordered_input" time="0.005" /><testcase classname="tests.tfscreen.util.test_df_to_arrays" name="test_count_df_to_arrays_missing_columns" time="0.001" /><testcase classname="tests.tfscreen.util.test_df_to_arrays" name="test_get_ln_cfu_basic_calculation" time="0.001" /><testcase classname="tests.tfscreen.util.test_df_to_arrays" name="test_get_ln_cfu_zero_counts" time="0.000" /><testcase classname="tests.tfscreen.util.test_df_to_arrays" name="test_df_to_arrays_integration" time="0.006" /><testcase classname="tests.tfscreen.util.test_expand_on_conditions" name="test_expand_on_conditions" time="0.016" /><testcase classname="tests.tfscreen.util.test_read_dataframe" name="test_read_from_dataframe_source" time="0.001" /><testcase classname="tests.tfscreen.util.test_read_dataframe" name="test_read_from_invalid_source" time="0.002" /><testcase classname="tests.tfscreen.util.test_read_dataframe" name="test_read_from_csv" time="0.011" /><testcase classname="tests.tfscreen.util.test_read_dataframe" name="test_read_from_tsv" time="0.003" /><testcase classname="tests.tfscreen.util.test_read_dataframe" name="test_read_from_file_with_no_extension" time="0.008" /><testcase classname="tests.tfscreen.util.test_read_dataframe" name="test_read_from_excel" time="0.205" /><testcase classname="tests.tfscreen.util.test_read_dataframe" name="test_read_file_not_found" time="0.001" /><testcase classname="tests.tfscreen.util.test_read_dataframe" name="test_read_raises_ioerror_on_parse_error" time="0.002" /><testcase classname="tests.tfscreen.util.test_read_dataframe" name="test_drops_spurious_unnamed_col_by_default" time="0.002" /><testcase classname="tests.tfscreen.util.test_read_dataframe" name="test_keeps_non_spurious_unnamed_col" time="0.001" /><testcase classname="tests.tfscreen.util.test_read_dataframe" name="test_set_existing_column_as_index" time="0.001" /><testcase classname="tests.tfscreen.util.test_read_dataframe" name="test_rename_unnamed_col_to_index" time="0.003" /><testcase classname="tests.tfscreen.util.test_read_dataframe" name="test_raises_error_if_index_col_not_found" time="0.002" /><testcase classname="tests.tfscreen.util.test_read_dataframe" name="test_no_change_if_already_indexed" time="0.001" /><testcase classname="tests.tfscreen.util.test_xfill" name="test_xfill_linear_basic" time="0.000" /><testcase classname="tests.tfscreen.util.test_xfill" name="test_xfill_log_basic" time="0.000" /><testcase classname="tests.tfscreen.util.test_xfill" name="test_xfill_log_autodetection" time="0.000" /><testcase classname="tests.tfscreen.util.test_xfill" name="test_xfill_linear_autodetection" time="0.000" /><testcase classname="tests.tfscreen.util.test_xfill" name="test_xfill_raises_error_for_log_with_negative_x" time="0.001" /><testcase classname="tests.tfscreen.util.test_xfill" name="test_xfill_empty_input" time="0.000" /><testcase classname="tests.tfscreen.util.test_xfill" name="test_xfill_non_finite_input" time="0.000" /><testcase classname="tests.tfscreen.util.test_xfill" name="test_xfill_single_value_input" time="0.000" /><testcase classname="tests.tfscreen.util.test_xfill" name="test_xfill_all_zeros_input" time="0.000" /><testcase classname="tests.tfscreen.util.test_xfill" name="test_xfill_zeros_and_positives_log_autodetect" time="0.001" /></testsuite></testsuites>