<?xml version="1.0" encoding="utf-8"?><testsuites><testsuite name="pytest" errors="0" failures="0" skipped="0" tests="90" time="3.951" timestamp="2025-09-21T17:18:11.383969" hostname="banks"><testcase classname="tests.tfscreen.analysis.test__get_indiv_growth" name="test_get_indiv_growth_full_pipeline" time="0.040" /><testcase classname="tests.tfscreen.analysis.test__get_indiv_growth" name="test_prepare_data_invalid_fit_method" time="0.002" /><testcase classname="tests.tfscreen.analysis.test__get_indiv_growth" name="test_apply_correction_no_groups" time="0.002" /><testcase classname="tests.tfscreen.analysis.test_extract_epistasis" name="test_extract_epistasis" time="0.076" /><testcase classname="tests.tfscreen.analysis.test_model_pre_growth" name="test_process_dk_geno_subset_averaging" time="0.000" /><testcase classname="tests.tfscreen.analysis.test_model_pre_growth" name="test_process_lnA0_no_groups" time="0.000" /><testcase classname="tests.tfscreen.analysis.test_model_pre_growth" name="test_process_lnA0_with_groups_and_error_propagation" time="0.000" /><testcase classname="tests.tfscreen.analysis.test_model_pre_growth" name="test_model_pre_growth_no_groups" time="0.001" /><testcase classname="tests.tfscreen.analysis.test_model_pre_growth" name="test_model_pre_growth_dk_groups_only" time="0.000" /><testcase classname="tests.tfscreen.analysis.test_model_pre_growth" name="test_model_pre_growth_dk_groups_and_mask" time="0.000" /><testcase classname="tests.tfscreen.analysis.test_model_pre_growth" name="test_model_pre_growth_validation[kwargs0-must be 1D arrays]" time="0.001" /><testcase classname="tests.tfscreen.analysis.test_model_pre_growth" name="test_model_pre_growth_validation[kwargs1-must be a 1D boolean array]" time="0.001" /><testcase classname="tests.tfscreen.analysis.test_model_pre_growth" name="test_model_pre_growth_validation[kwargs2-must be a 1D boolean array]" time="0.000" /><testcase classname="tests.tfscreen.analysis.test_model_pre_growth" name="test_model_pre_growth_validation[kwargs3-must be specified together]" time="0.001" /><testcase classname="tests.tfscreen.analysis.test_model_pre_growth" name="test_model_pre_growth_validation[kwargs4-must be specified together]" time="0.000" /><testcase classname="tests.tfscreen.util.test_argsort_genotypes" name="test_argsort_genotypes" time="0.019" /><testcase classname="tests.tfscreen.util.test_broadcast_args" name="test_broadcast_args_standard_case" time="0.000" /><testcase classname="tests.tfscreen.util.test_broadcast_args" name="test_broadcast_args_already_matching_length" time="0.000" /><testcase classname="tests.tfscreen.util.test_broadcast_args" name="test_broadcast_args_all_scalars" time="0.000" /><testcase classname="tests.tfscreen.util.test_broadcast_args" name="test_broadcast_args_single_array_input" time="0.000" /><testcase classname="tests.tfscreen.util.test_broadcast_args" name="test_broadcast_args_no_args" time="0.000" /><testcase classname="tests.tfscreen.util.test_broadcast_args" name="test_broadcast_args_raises_error_on_incompatible_length" time="0.001" /><testcase classname="tests.tfscreen.util.test_broadcast_args" name="test_broadcast_args_raises_error_with_scalar_and_incompatible_array" time="0.000" /><testcase classname="tests.tfscreen.util.test_broadcast_args" name="test_broadcast_args_handles_none" time="0.000" /><testcase classname="tests.tfscreen.util.test_build_cycles" name="test_build_cycles" time="0.027" /><testcase classname="tests.tfscreen.util.test_chunk_by_group" name="test_chunk_by_group" time="0.003" /><testcase classname="tests.tfscreen.util.test_counts_to_lncfu" name="test_filter_low_observation_genotypes" time="0.004" /><testcase classname="tests.tfscreen.util.test_counts_to_lncfu" name="test_filter_low_observation_genotypes_empty_input" time="0.002" /><testcase classname="tests.tfscreen.util.test_counts_to_lncfu" name="test_impute_missing_genotypes" time="0.009" /><testcase classname="tests.tfscreen.util.test_counts_to_lncfu" name="test_impute_missing_genotypes_empty_input" time="0.001" /><testcase classname="tests.tfscreen.util.test_counts_to_lncfu" name="test_calculate_frequencies" time="0.002" /><testcase classname="tests.tfscreen.util.test_counts_to_lncfu" name="test_calculate_concentrations_and_variance" time="0.004" /><testcase classname="tests.tfscreen.util.test_counts_to_lncfu" name="test_calculate_concentrations_zero_cfu" time="0.003" /><testcase classname="tests.tfscreen.util.test_counts_to_lncfu" name="test_counts_to_lncfu_full_pipeline" time="0.018" /><testcase classname="tests.tfscreen.util.test_counts_to_lncfu" name="test_counts_to_lncfu_all_filtered" time="0.003" /><testcase classname="tests.tfscreen.util.test_df_to_arrays" name="test_basic_functionality_single_pivot" time="0.005" /><testcase classname="tests.tfscreen.util.test_df_to_arrays" name="test_multi_column_pivot" time="0.007" /><testcase classname="tests.tfscreen.util.test_df_to_arrays" name="test_no_numeric_columns" time="0.003" /><testcase classname="tests.tfscreen.util.test_df_to_arrays" name="test_empty_dataframe" time="0.000" /><testcase classname="tests.tfscreen.util.test_df_to_arrays" name="test_no_side_effects" time="0.005" /><testcase classname="tests.tfscreen.util.test_df_to_arrays" name="test_all_nan_column_is_handled" time="0.004" /><testcase classname="tests.tfscreen.util.test_df_to_arrays" name="test_all_numeric_columns_are_nan" time="0.004" /><testcase classname="tests.tfscreen.util.test_expand_on_conditions" name="test_expand_on_conditions" time="0.016" /><testcase classname="tests.tfscreen.util.test_get_group_mean_std" name="test_basic_functionality" time="0.000" /><testcase classname="tests.tfscreen.util.test_get_group_mean_std" name="test_input_types_and_conversion" time="0.000" /><testcase classname="tests.tfscreen.util.test_get_group_mean_std" name="test_edge_cases" time="0.000" /><testcase classname="tests.tfscreen.util.test_get_group_mean_std" name="test_invalid_inputs[values0-groups0-values and groups must be arrays of the same shape.]" time="0.002" /><testcase classname="tests.tfscreen.util.test_get_group_mean_std" name="test_invalid_inputs[values1-groups1-group numbers must be non-negative.]" time="0.002" /><testcase classname="tests.tfscreen.util.test_get_group_mean_std" name="test_invalid_inputs[values2-groups2-groups array must contain integer values.]" time="0.002" /><testcase classname="tests.tfscreen.util.test_numerical" name="test_to_log_scalar" time="0.000" /><testcase classname="tests.tfscreen.util.test_numerical" name="test_to_log_list" time="0.000" /><testcase classname="tests.tfscreen.util.test_numerical" name="test_to_log_numpy_array" time="0.000" /><testcase classname="tests.tfscreen.util.test_numerical" name="test_to_log_pandas_series" time="0.001" /><testcase classname="tests.tfscreen.util.test_numerical" name="test_to_log_with_std" time="0.000" /><testcase classname="tests.tfscreen.util.test_numerical" name="test_to_log_with_var" time="0.000" /><testcase classname="tests.tfscreen.util.test_numerical" name="test_to_log_with_std_and_var" time="0.000" /><testcase classname="tests.tfscreen.util.test_numerical" name="test_to_log_edge_cases" time="0.000" /><testcase classname="tests.tfscreen.util.test_numerical" name="test_to_log_length_mismatch_raises_error" time="0.003" /><testcase classname="tests.tfscreen.util.test_numerical" name="test_from_log_scalar" time="0.000" /><testcase classname="tests.tfscreen.util.test_numerical" name="test_from_log_list" time="0.000" /><testcase classname="tests.tfscreen.util.test_numerical" name="test_from_log_numpy_array" time="0.000" /><testcase classname="tests.tfscreen.util.test_numerical" name="test_from_log_pandas_series" time="0.000" /><testcase classname="tests.tfscreen.util.test_numerical" name="test_from_log_with_std" time="0.000" /><testcase classname="tests.tfscreen.util.test_numerical" name="test_from_log_with_var" time="0.000" /><testcase classname="tests.tfscreen.util.test_numerical" name="test_from_log_with_std_and_var" time="0.000" /><testcase classname="tests.tfscreen.util.test_numerical" name="test_from_log_length_mismatch_raises_error" time="0.000" /><testcase classname="tests.tfscreen.util.test_read_dataframe" name="test_read_from_dataframe_source" time="0.001" /><testcase classname="tests.tfscreen.util.test_read_dataframe" name="test_read_from_invalid_source" time="0.002" /><testcase classname="tests.tfscreen.util.test_read_dataframe" name="test_read_from_csv" time="0.019" /><testcase classname="tests.tfscreen.util.test_read_dataframe" name="test_read_from_tsv" time="0.003" /><testcase classname="tests.tfscreen.util.test_read_dataframe" name="test_read_from_file_with_no_extension" time="0.007" /><testcase classname="tests.tfscreen.util.test_read_dataframe" name="test_read_from_excel" time="0.207" /><testcase classname="tests.tfscreen.util.test_read_dataframe" name="test_read_file_not_found" time="0.001" /><testcase classname="tests.tfscreen.util.test_read_dataframe" name="test_read_raises_ioerror_on_parse_error" time="0.002" /><testcase classname="tests.tfscreen.util.test_read_dataframe" name="test_drops_spurious_unnamed_col_by_default" time="0.002" /><testcase classname="tests.tfscreen.util.test_read_dataframe" name="test_keeps_non_spurious_unnamed_col" time="0.001" /><testcase classname="tests.tfscreen.util.test_read_dataframe" name="test_set_existing_column_as_index" time="0.001" /><testcase classname="tests.tfscreen.util.test_read_dataframe" name="test_rename_unnamed_col_to_index" time="0.003" /><testcase classname="tests.tfscreen.util.test_read_dataframe" name="test_raises_error_if_index_col_not_found" time="0.002" /><testcase classname="tests.tfscreen.util.test_read_dataframe" name="test_no_change_if_already_indexed" time="0.001" /><testcase classname="tests.tfscreen.util.test_xfill" name="test_xfill_linear_basic" time="0.001" /><testcase classname="tests.tfscreen.util.test_xfill" name="test_xfill_log_basic" time="0.000" /><testcase classname="tests.tfscreen.util.test_xfill" name="test_xfill_log_autodetection" time="0.000" /><testcase classname="tests.tfscreen.util.test_xfill" name="test_xfill_linear_autodetection" time="0.000" /><testcase classname="tests.tfscreen.util.test_xfill" name="test_xfill_raises_error_for_log_with_negative_x" time="0.001" /><testcase classname="tests.tfscreen.util.test_xfill" name="test_xfill_empty_input" time="0.000" /><testcase classname="tests.tfscreen.util.test_xfill" name="test_xfill_non_finite_input" time="0.000" /><testcase classname="tests.tfscreen.util.test_xfill" name="test_xfill_single_value_input" time="0.000" /><testcase classname="tests.tfscreen.util.test_xfill" name="test_xfill_all_zeros_input" time="0.000" /><testcase classname="tests.tfscreen.util.test_xfill" name="test_xfill_zeros_and_positives_log_autodetect" time="0.000" /></testsuite></testsuites>